{"D:\\React\\testProject\\src\\components\\accordion\\accordionReducer.ts": {"path":"D:\\React\\testProject\\src\\components\\accordion\\accordionReducer.ts","statementMap":{"0":{"start":{"line":2,"column":13},"end":{"line":2,"column":null}},"1":{"start":{"line":12,"column":23},"end":{"line":24,"column":1}},"2":{"start":{"line":14,"column":4},"end":{"line":22,"column":5}},"3":{"start":{"line":16,"column":12},"end":{"line":18,"column":null}},"4":{"start":{"line":21,"column":17},"end":{"line":21,"column":null}},"5":{"start":{"line":12,"column":13},"end":{"line":12,"column":23}}},"fnMap":{"0":{"name":"(anonymous_0)","decl":{"start":{"line":12,"column":23},"end":{"line":12,"column":24}},"loc":{"start":{"line":12,"column":64},"end":{"line":24,"column":1}}}},"branchMap":{"0":{"loc":{"start":{"line":14,"column":4},"end":{"line":22,"column":5}},"type":"switch","locations":[{"start":{"line":15,"column":8},"end":{"line":18,"column":null}},{"start":{"line":21,"column":8},"end":{"line":21,"column":null}}]}},"s":{"0":1,"1":1,"2":3,"3":2,"4":1,"5":1},"f":{"0":3},"b":{"0":[2,1]}}
,"D:\\React\\testProject\\src\\unitTest\\01.ts": {"path":"D:\\React\\testProject\\src\\unitTest\\01.ts","statementMap":{"0":{"start":{"line":1,"column":0},"end":{"line":1,"column":16}},"1":{"start":{"line":5,"column":0},"end":{"line":5,"column":16}},"2":{"start":{"line":2,"column":4},"end":{"line":2,"column":null}},"3":{"start":{"line":6,"column":4},"end":{"line":6,"column":null}}},"fnMap":{"0":{"name":"sum","decl":{"start":{"line":1,"column":16},"end":{"line":1,"column":19}},"loc":{"start":{"line":1,"column":40},"end":{"line":3,"column":1}}},"1":{"name":"mult","decl":{"start":{"line":5,"column":16},"end":{"line":5,"column":20}},"loc":{"start":{"line":5,"column":41},"end":{"line":7,"column":1}}}},"branchMap":{},"s":{"0":1,"1":1,"2":2,"3":2},"f":{"0":2,"1":2},"b":{}}
}
